<?xml version="1.0" encoding="UTF-8"?>
<testng-results ignored="0" total="4" passed="4" failed="0" skipped="0">
  <reporter-output>
  </reporter-output>
  <suite started-at="2023-10-10T18:04:57 IST" name="testsuite" finished-at="2023-10-10T18:05:30 IST" duration-ms="33136">
    <groups>
    </groups>
    <test started-at="2023-10-10T18:04:57 IST" name="TestCycle1" finished-at="2023-10-10T18:05:30 IST" duration-ms="33136">
      <class name="TestNG.ParallelTests">
        <test-method signature="wikiPage()[pri:0, instance:TestNG.ParallelTests@65c7a252]" started-at="2023-10-10T18:04:57 IST" name="wikiPage" finished-at="2023-10-10T18:05:21 IST" duration-ms="24879" status="PASS">
          <reporter-output>
          </reporter-output>
        </test-method> <!-- wikiPage -->
        <test-method signature="wikiPage2()[pri:0, instance:TestNG.ParallelTests@65c7a252]" started-at="2023-10-10T18:04:57 IST" name="wikiPage2" finished-at="2023-10-10T18:05:19 IST" duration-ms="22177" status="PASS">
          <reporter-output>
          </reporter-output>
        </test-method> <!-- wikiPage2 -->
        <test-method signature="ninjaPage()[pri:0, instance:TestNG.ParallelTests@65c7a252]" started-at="2023-10-10T18:05:19 IST" name="ninjaPage" finished-at="2023-10-10T18:05:30 IST" duration-ms="10794" status="PASS">
          <reporter-output>
          </reporter-output>
        </test-method> <!-- ninjaPage -->
        <test-method signature="ninjaPage2()[pri:0, instance:TestNG.ParallelTests@65c7a252]" started-at="2023-10-10T18:05:21 IST" name="ninjaPage2" finished-at="2023-10-10T18:05:29 IST" duration-ms="7785" status="PASS">
          <reporter-output>
          </reporter-output>
        </test-method> <!-- ninjaPage2 -->
      </class> <!-- TestNG.ParallelTests -->
    </test> <!-- TestCycle1 -->
  </suite> <!-- testsuite -->
</testng-results>
