<?xml version="1.0" encoding="UTF-8"?>
<testng-results ignored="0" total="2" passed="2" failed="0" skipped="0">
  <reporter-output>
  </reporter-output>
  <suite started-at="2023-10-13T00:55:30 IST" name="Test Env" finished-at="2023-10-13T00:56:44 IST" duration-ms="74296">
    <groups>
    </groups>
    <test started-at="2023-10-13T00:55:30 IST" name="TestRedBusHomeinChrome" finished-at="2023-10-13T00:56:44 IST" duration-ms="74296">
      <class name="com.redbus.TestPages.TestHomePage">
        <test-method is-config="true" signature="InitalizeExtentReport()[pri:0, instance:com.redbus.TestPages.TestHomePage@6fa51cd4]" started-at="2023-10-13T00:55:29 IST" name="InitalizeExtentReport" finished-at="2023-10-13T00:55:30 IST" duration-ms="506" status="PASS">
          <reporter-output>
          </reporter-output>
        </test-method> <!-- InitalizeExtentReport -->
        <test-method is-config="true" signature="getnameMethod(org.testng.ITestContext)[pri:0, instance:com.redbus.TestPages.TestHomePage@6fa51cd4]" started-at="2023-10-13T00:55:30 IST" name="getnameMethod" finished-at="2023-10-13T00:55:30 IST" duration-ms="14" status="PASS">
          <params>
            <param index="0">
              <value>
                <![CDATA[org.testng.TestRunner@25953be6]]>
              </value>
            </param>
          </params>
          <reporter-output>
          </reporter-output>
        </test-method> <!-- getnameMethod -->
        <test-method is-config="true" signature="OpenApp(java.lang.String)[pri:0, instance:com.redbus.TestPages.TestHomePage@6fa51cd4]" started-at="2023-10-13T00:55:30 IST" name="OpenApp" finished-at="2023-10-13T00:55:58 IST" duration-ms="28132" status="PASS">
          <params>
            <param index="0">
              <value>
                <![CDATA[Chrome]]>
              </value>
            </param>
          </params>
          <reporter-output>
          </reporter-output>
        </test-method> <!-- OpenApp -->
        <test-method signature="testTitle()[pri:49, instance:com.redbus.TestPages.TestHomePage@6fa51cd4]" started-at="2023-10-13T00:55:58 IST" name="testTitle" finished-at="2023-10-13T00:55:58 IST" duration-ms="107" status="PASS">
          <reporter-output>
          </reporter-output>
        </test-method> <!-- testTitle -->
        <test-method is-config="true" signature="CloseApp()[pri:0, instance:com.redbus.TestPages.TestHomePage@6fa51cd4]" started-at="2023-10-13T00:55:58 IST" name="CloseApp" finished-at="2023-10-13T00:56:02 IST" duration-ms="4041" status="PASS">
          <reporter-output>
          </reporter-output>
        </test-method> <!-- CloseApp -->
        <test-method is-config="true" signature="generateTestStatus(java.lang.reflect.Method,org.testng.ITestResult)[pri:0, instance:com.redbus.TestPages.TestHomePage@6fa51cd4]" started-at="2023-10-13T00:56:02 IST" name="generateTestStatus" finished-at="2023-10-13T00:56:02 IST" duration-ms="43" status="PASS">
          <params>
            <param index="0">
              <value>
                <![CDATA[public void com.redbus.TestPages.TestHomePage.testTitle()]]>
              </value>
            </param>
            <param index="1">
              <value>
                <![CDATA[[TestResult name=testTitle status=SUCCESS method=TestHomePage.testTitle()[pri:49, instance:com.redbus.TestPages.TestHomePage@6fa51cd4] output={null}]]]>
              </value>
            </param>
          </params>
          <reporter-output>
          </reporter-output>
        </test-method> <!-- generateTestStatus -->
        <test-method is-config="true" signature="OpenApp(java.lang.String)[pri:0, instance:com.redbus.TestPages.TestHomePage@6fa51cd4]" started-at="2023-10-13T00:56:04 IST" name="OpenApp" finished-at="2023-10-13T00:56:14 IST" duration-ms="10035" status="PASS">
          <params>
            <param index="0">
              <value>
                <![CDATA[Chrome]]>
              </value>
            </param>
          </params>
          <reporter-output>
          </reporter-output>
        </test-method> <!-- OpenApp -->
        <test-method signature="testGetBuses(java.lang.String,java.lang.String)[pri:50, instance:com.redbus.TestPages.TestHomePage@6fa51cd4]" started-at="2023-10-13T00:56:14 IST" name="testGetBuses" data-provider="testdata" finished-at="2023-10-13T00:56:41 IST" duration-ms="27171" status="PASS">
          <params>
            <param index="0">
              <value>
                <![CDATA[Allahabad]]>
              </value>
            </param>
            <param index="1">
              <value>
                <![CDATA[Lucknow]]>
              </value>
            </param>
          </params>
          <reporter-output>
          </reporter-output>
        </test-method> <!-- testGetBuses -->
        <test-method is-config="true" signature="CloseApp()[pri:0, instance:com.redbus.TestPages.TestHomePage@6fa51cd4]" started-at="2023-10-13T00:56:41 IST" name="CloseApp" finished-at="2023-10-13T00:56:44 IST" duration-ms="3192" status="PASS">
          <reporter-output>
          </reporter-output>
        </test-method> <!-- CloseApp -->
        <test-method is-config="true" signature="generateTestStatus(java.lang.reflect.Method,org.testng.ITestResult)[pri:0, instance:com.redbus.TestPages.TestHomePage@6fa51cd4]" started-at="2023-10-13T00:56:44 IST" name="generateTestStatus" finished-at="2023-10-13T00:56:44 IST" duration-ms="28" status="PASS">
          <params>
            <param index="0">
              <value>
                <![CDATA[public void com.redbus.TestPages.TestHomePage.testGetBuses(java.lang.String,java.lang.String) throws java.awt.AWTException,java.lang.InterruptedException]]>
              </value>
            </param>
            <param index="1">
              <value>
                <![CDATA[[TestResult name=testGetBuses status=SUCCESS method=TestHomePage.testGetBuses(java.lang.String,java.lang.String)[pri:50, instance:com.redbus.TestPages.TestHomePage@6fa51cd4] output={null}]]]>
              </value>
            </param>
          </params>
          <reporter-output>
          </reporter-output>
        </test-method> <!-- generateTestStatus -->
        <test-method is-config="true" signature="generateReports()[pri:0, instance:com.redbus.TestPages.TestHomePage@6fa51cd4]" started-at="2023-10-13T00:56:45 IST" name="generateReports" finished-at="2023-10-13T00:56:47 IST" duration-ms="2153" status="PASS">
          <reporter-output>
          </reporter-output>
        </test-method> <!-- generateReports -->
      </class> <!-- com.redbus.TestPages.TestHomePage -->
    </test> <!-- TestRedBusHomeinChrome -->
  </suite> <!-- Test Env -->
</testng-results>
