<?xml version="1.0" encoding="UTF-8"?>
<!-- Generated by org.testng.reporters.JUnitXMLReporter -->
<testsuite ignored="3" hostname="DESKTOP-5BINFA7" failures="0" tests="4" name="POMframework" time="99.685" errors="0" timestamp="2023-10-12T04:16:39 IST">
  <testcase classname="com.redbus.TestPages.TestHomePage" name="testTitle" time="0.066"/>
  <testcase classname="com.redbus.TestPages.TestHomePage" name="testGetBuses" time="27.52"/>
  <testcase classname="com.redbus.TestPages.TestHomePage" name="testAirportTransfers" time="2.265"/>
  <testcase classname="com.redbus.TestPages.TestAirportTransferPage" name="testEnded" time="0.004"/>
  <testcase classname="com.redbus.Base.TestBase" name="@BeforeTest getnameMethod" time="0.0">
    <ignored/>
  </testcase> <!-- @BeforeTest getnameMethod -->
  <testcase classname="com.redbus.Base.TestBase" name="@BeforeSuite InitalizeExtentReport" time="0.0">
    <ignored/>
  </testcase> <!-- @BeforeSuite InitalizeExtentReport -->
  <testcase classname="com.redbus.Base.TestBase" name="@AfterSuite generateReports" time="0.0">
    <ignored/>
  </testcase> <!-- @AfterSuite generateReports -->
</testsuite> <!-- POMframework -->
