<?xml version="1.0" encoding="UTF-8"?>
<testng-results ignored="0" total="9" passed="9" failed="0" skipped="0">
  <reporter-output>
  </reporter-output>
  <suite started-at="2023-11-11T23:17:13 IST" name="suite001" finished-at="2023-11-11T23:17:37 IST" duration-ms="23709">
    <groups>
    </groups>
    <test started-at="2023-11-11T23:17:13 IST" name="test001" finished-at="2023-11-11T23:17:37 IST" duration-ms="23709">
      <class name="CourseEnd.Assignment006Demo">
        <test-method signature="assignment006Logout()[pri:0, instance:CourseEnd.Assignment006Demo@424fd310]" started-at="2023-11-11T23:17:35 IST" name="assignment006Logout" finished-at="2023-11-11T23:17:37 IST" duration-ms="1471" status="PASS">
          <reporter-output>
          </reporter-output>
        </test-method> <!-- assignment006Logout -->
      </class> <!-- CourseEnd.Assignment006Demo -->
      <class name="CourseEnd.Assignment001Demo">
        <test-method signature="assignment001Post()[pri:49, instance:CourseEnd.Assignment001Demo@52de51b6]" started-at="2023-11-11T23:17:13 IST" name="assignment001Post" finished-at="2023-11-11T23:17:23 IST" duration-ms="10230" status="PASS">
          <reporter-output>
          </reporter-output>
        </test-method> <!-- assignment001Post -->
        <test-method signature="assignment001Get()[pri:50, instance:CourseEnd.Assignment001Demo@52de51b6]" started-at="2023-11-11T23:17:23 IST" name="assignment001Get" finished-at="2023-11-11T23:17:25 IST" depends-on-methods="CourseEnd.Assignment001Demo.assignment001Post" duration-ms="1833" status="PASS">
          <reporter-output>
          </reporter-output>
        </test-method> <!-- assignment001Get -->
        <test-method signature="assignment001Delete()[pri:51, instance:CourseEnd.Assignment001Demo@52de51b6]" started-at="2023-11-11T23:17:25 IST" name="assignment001Delete" finished-at="2023-11-11T23:17:27 IST" depends-on-methods="CourseEnd.Assignment001Demo.assignment001Get" duration-ms="2303" status="PASS">
          <reporter-output>
          </reporter-output>
        </test-method> <!-- assignment001Delete -->
      </class> <!-- CourseEnd.Assignment001Demo -->
      <class name="CourseEnd.Assignment002Demo">
        <test-method signature="assignment002Post()[pri:49, instance:CourseEnd.Assignment002Demo@2374d36a]" started-at="2023-11-11T23:17:27 IST" name="assignment002Post" finished-at="2023-11-11T23:17:29 IST" duration-ms="1696" status="PASS">
          <reporter-output>
          </reporter-output>
        </test-method> <!-- assignment002Post -->
        <test-method signature="assignment002Put()[pri:50, instance:CourseEnd.Assignment002Demo@2374d36a]" started-at="2023-11-11T23:17:29 IST" name="assignment002Put" finished-at="2023-11-11T23:17:31 IST" depends-on-methods="CourseEnd.Assignment002Demo.assignment002Post" duration-ms="1417" status="PASS">
          <reporter-output>
          </reporter-output>
        </test-method> <!-- assignment002Put -->
      </class> <!-- CourseEnd.Assignment002Demo -->
      <class name="CourseEnd.Assignment005Demo">
        <test-method signature="assignment005FindByStatus()[pri:0, instance:CourseEnd.Assignment005Demo@47a5b70d]" started-at="2023-11-11T23:17:34 IST" name="assignment005FindByStatus" finished-at="2023-11-11T23:17:35 IST" duration-ms="1484" status="PASS">
          <reporter-output>
          </reporter-output>
        </test-method> <!-- assignment005FindByStatus -->
      </class> <!-- CourseEnd.Assignment005Demo -->
      <class name="CourseEnd.Assignment004Demo">
        <test-method signature="assignment004login()[pri:0, instance:CourseEnd.Assignment004Demo@1506f20f]" started-at="2023-11-11T23:17:32 IST" name="assignment004login" finished-at="2023-11-11T23:17:34 IST" duration-ms="1492" status="PASS">
          <reporter-output>
          </reporter-output>
        </test-method> <!-- assignment004login -->
      </class> <!-- CourseEnd.Assignment004Demo -->
      <class name="CourseEnd.Assignment003Demo">
        <test-method signature="assignment003User()[pri:0, instance:CourseEnd.Assignment003Demo@54d18072]" started-at="2023-11-11T23:17:31 IST" name="assignment003User" finished-at="2023-11-11T23:17:32 IST" duration-ms="1565" status="PASS">
          <reporter-output>
          </reporter-output>
        </test-method> <!-- assignment003User -->
      </class> <!-- CourseEnd.Assignment003Demo -->
    </test> <!-- test001 -->
  </suite> <!-- suite001 -->
</testng-results>
