<?xml version="1.0" encoding="UTF-8"?>
<!-- Generated by org.testng.reporters.JUnitXMLReporter -->
<testsuite ignored="0" hostname="DESKTOP-5BINFA7" failures="0" tests="9" name="test001" time="23.709" errors="0" timestamp="2023-11-11T23:17:37 IST">
  <testcase classname="CourseEnd.Assignment001Demo" name="assignment001Post" time="10.23"/>
  <testcase classname="CourseEnd.Assignment001Demo" name="assignment001Get" time="1.833"/>
  <testcase classname="CourseEnd.Assignment001Demo" name="assignment001Delete" time="2.303"/>
  <testcase classname="CourseEnd.Assignment002Demo" name="assignment002Post" time="1.696"/>
  <testcase classname="CourseEnd.Assignment002Demo" name="assignment002Put" time="1.417"/>
  <testcase classname="CourseEnd.Assignment003Demo" name="assignment003User" time="1.565"/>
  <testcase classname="CourseEnd.Assignment004Demo" name="assignment004login" time="1.492"/>
  <testcase classname="CourseEnd.Assignment005Demo" name="assignment005FindByStatus" time="1.484"/>
  <testcase classname="CourseEnd.Assignment006Demo" name="assignment006Logout" time="1.471"/>
</testsuite> <!-- test001 -->
