<?xml version="1.0" encoding="UTF-8"?>
<!-- Generated by org.testng.reporters.JUnitXMLReporter -->
<testsuite ignored="6" hostname="DESKTOP-5BINFA7" failures="0" tests="3" name="TestCycle1" time="41.422" errors="0" timestamp="2023-10-05T12:00:08 IST">
  <testcase classname="com.app.TestNG.TestAnnotation" name="Login" time="21.974"/>
  <testcase classname="com.app.TestNG.BeforeAfterMethodAnnotation" name="Logout" time="5.281"/>
  <testcase classname="com.app.TestNG.BeforeAfterClassAnnotation" name="GetTitle" time="0.058"/>
  <testcase classname="com.app.TestNG.TestAnnotation" name="Logout" time="0.0">
    <ignored/>
  </testcase> <!-- Logout -->
  <testcase classname="com.app.TestNG.BeforeAfterClassAnnotation" name="Login" time="0.0">
    <ignored/>
  </testcase> <!-- Login -->
  <testcase classname="com.app.TestNG.BeforeAfterMethodAnnotation" name="Login" time="0.0">
    <ignored/>
  </testcase> <!-- Login -->
  <testcase classname="com.app.TestNG.TestAnnotation" name="GetTitle" time="0.0">
    <ignored/>
  </testcase> <!-- GetTitle -->
  <testcase classname="com.app.TestNG.BeforeAfterClassAnnotation" name="Logout" time="0.0">
    <ignored/>
  </testcase> <!-- Logout -->
  <testcase classname="com.app.TestNG.BeforeAfterMethodAnnotation" name="GetTitle" time="0.0">
    <ignored/>
  </testcase> <!-- GetTitle -->
</testsuite> <!-- TestCycle1 -->
