<?xml version="1.0" encoding="UTF-8"?>
<testng-results ignored="0" total="5" passed="5" failed="0" skipped="0">
  <reporter-output>
  </reporter-output>
  <suite started-at="2023-10-26T22:48:24 IST" name="testsuite2" finished-at="2023-10-26T22:48:58 IST" duration-ms="33950">
    <groups>
    </groups>
    <test started-at="2023-10-26T22:48:24 IST" name="starhealth002" finished-at="2023-10-26T22:48:42 IST" duration-ms="17275">
      <class name="StarHealth.StarHealthPageLink">
        <test-method is-config="true" signature="openBrowser()[pri:0, instance:StarHealth.StarHealthPageLink@7a5ceedd]" started-at="2023-10-26T22:48:24 IST" name="openBrowser" finished-at="2023-10-26T22:48:39 IST" duration-ms="14712" status="PASS">
          <reporter-output>
          </reporter-output>
        </test-method> <!-- openBrowser -->
        <test-method signature="print_link()[pri:0, instance:StarHealth.StarHealthPageLink@7a5ceedd]" started-at="2023-10-26T22:48:39 IST" name="print_link" finished-at="2023-10-26T22:48:41 IST" duration-ms="1681" status="PASS">
          <reporter-output>
          </reporter-output>
        </test-method> <!-- print_link -->
        <test-method is-config="true" signature="closeBrowser()[pri:0, instance:StarHealth.StarHealthPageLink@7a5ceedd]" started-at="2023-10-26T22:48:41 IST" name="closeBrowser" finished-at="2023-10-26T22:48:42 IST" duration-ms="809" status="PASS">
          <reporter-output>
          </reporter-output>
        </test-method> <!-- closeBrowser -->
      </class> <!-- StarHealth.StarHealthPageLink -->
    </test> <!-- starhealth002 -->
    <test started-at="2023-10-26T22:48:24 IST" name="starhealth001" finished-at="2023-10-26T22:48:58 IST" duration-ms="33950">
      <class name="StarHealth.StarHealthPage">
        <test-method is-config="true" signature="openBrowser()[pri:0, instance:StarHealth.StarHealthPage@6440112d]" started-at="2023-10-26T22:48:24 IST" name="openBrowser" finished-at="2023-10-26T22:48:38 IST" duration-ms="14054" status="PASS">
          <reporter-output>
          </reporter-output>
        </test-method> <!-- openBrowser -->
        <test-method signature="Validate_title()[pri:49, instance:StarHealth.StarHealthPage@6440112d]" started-at="2023-10-26T22:48:38 IST" name="Validate_title" finished-at="2023-10-26T22:48:39 IST" duration-ms="860" status="PASS">
          <reporter-output>
          </reporter-output>
        </test-method> <!-- Validate_title -->
        <test-method signature="Test_Header_plan(java.lang.String,java.lang.String,java.lang.String)[pri:50, instance:StarHealth.StarHealthPage@6440112d]" started-at="2023-10-26T22:48:39 IST" name="Test_Header_plan" finished-at="2023-10-26T22:48:49 IST" duration-ms="9389" status="PASS">
          <params>
            <param index="0">
              <value>
                <![CDATA[admin]]>
              </value>
            </param>
            <param index="1">
              <value>
                <![CDATA[9838823615]]>
              </value>
            </param>
            <param index="2">
              <value>
                <![CDATA[211002]]>
              </value>
            </param>
          </params>
          <reporter-output>
          </reporter-output>
        </test-method> <!-- Test_Header_plan -->
        <test-method signature="validateDataFromExcel(java.lang.String,java.lang.String,java.lang.String,java.lang.String,java.lang.String)[pri:51, instance:StarHealth.StarHealthPage@6440112d]" started-at="2023-10-26T22:48:51 IST" name="validateDataFromExcel" data-provider="testdata" finished-at="2023-10-26T22:48:53 IST" duration-ms="2489" status="PASS">
          <params>
            <param index="0">
              <value>
                <![CDATA[https://www.facebook.com/StarHealth/]]>
              </value>
            </param>
            <param index="1">
              <value>
                <![CDATA[https://www.youtube.com/user/StarhealthInsurance]]>
              </value>
            </param>
            <param index="2">
              <value>
                <![CDATA[https://www.linkedin.com/company/star-health-and-allied-insurance-co--ltd/?originalSubdomain=in]]>
              </value>
            </param>
            <param index="3">
              <value>
                <![CDATA[https://twitter.com/starhealthins?lang=en]]>
              </value>
            </param>
            <param index="4">
              <value>
                <![CDATA[https://www.instagram.com/starhealth.insurance/?hl=en]]>
              </value>
            </param>
          </params>
          <reporter-output>
          </reporter-output>
        </test-method> <!-- validateDataFromExcel -->
        <test-method signature="ClickOnTwitter()[pri:52, instance:StarHealth.StarHealthPage@6440112d]" started-at="2023-10-26T22:48:53 IST" name="ClickOnTwitter" finished-at="2023-10-26T22:48:57 IST" duration-ms="4062" status="PASS">
          <reporter-output>
          </reporter-output>
        </test-method> <!-- ClickOnTwitter -->
        <test-method is-config="true" signature="closeBrowser()[pri:0, instance:StarHealth.StarHealthPage@6440112d]" started-at="2023-10-26T22:48:57 IST" name="closeBrowser" finished-at="2023-10-26T22:48:58 IST" duration-ms="1007" status="PASS">
          <reporter-output>
          </reporter-output>
        </test-method> <!-- closeBrowser -->
      </class> <!-- StarHealth.StarHealthPage -->
    </test> <!-- starhealth001 -->
  </suite> <!-- testsuite2 -->
</testng-results>
