<?xml version="1.0" encoding="UTF-8"?>
<!-- Generated by org.testng.reporters.JUnitXMLReporter -->
<testsuite ignored="0" hostname="DESKTOP-5BINFA7" failures="0" tests="4" name="starhealth001" time="33.95" errors="0" timestamp="2023-10-26T22:48:58 IST">
  <testcase classname="StarHealth.StarHealthPage" name="Validate_title" time="0.86"/>
  <testcase classname="StarHealth.StarHealthPage" name="Test_Header_plan" time="9.389"/>
  <testcase classname="StarHealth.StarHealthPage" name="validateDataFromExcel" time="2.489"/>
  <testcase classname="StarHealth.StarHealthPage" name="ClickOnTwitter" time="4.062"/>
</testsuite> <!-- starhealth001 -->
