<?xml version="1.0" encoding="UTF-8"?>
<!-- Generated by org.testng.reporters.JUnitXMLReporter -->
<testsuite ignored="0" hostname="DESKTOP-5BINFA7" failures="0" tests="4" name="TestCycle1" time="33.136" errors="0" timestamp="2023-10-10T18:05:30 IST">
  <testcase classname="TestNG.ParallelTests" name="wikiPage2" time="22.177"/>
  <testcase classname="TestNG.ParallelTests" name="wikiPage" time="24.879"/>
  <testcase classname="TestNG.ParallelTests" name="ninjaPage2" time="7.785"/>
  <testcase classname="TestNG.ParallelTests" name="ninjaPage" time="10.794"/>
</testsuite> <!-- TestCycle1 -->
