<?xml version="1.0" encoding="UTF-8"?>
<!-- Generated by org.testng.reporters.JUnitXMLReporter -->
<testsuite ignored="0" hostname="DESKTOP-5BINFA7" failures="0" tests="3" name="Default test" time="15.35" errors="0" timestamp="2023-10-05T11:18:44 IST">
  <testcase classname="com.app.TestNG.BeforeAfterClassAnnotation" name="GetTitle" time="0.032"/>
  <testcase classname="com.app.TestNG.BeforeAfterClassAnnotation" name="login" time="4.311"/>
  <testcase classname="com.app.TestNG.BeforeAfterClassAnnotation" name="logout" time="2.237"/>
</testsuite> <!-- Default test -->
