<?xml version="1.0" encoding="UTF-8"?>
<testng-results ignored="0" total="1" passed="1" failed="0" skipped="0">
  <reporter-output>
  </reporter-output>
  <suite started-at="2023-11-09T12:09:35 IST" name="Default suite" finished-at="2023-11-09T12:09:40 IST" duration-ms="4744">
    <groups>
    </groups>
    <test started-at="2023-11-09T12:09:35 IST" name="Default test" finished-at="2023-11-09T12:09:40 IST" duration-ms="4744">
      <class name="restAssuredScripts.Script0010SSLAuthentication">
        <test-method signature="SSL_authentication()[pri:0, instance:restAssuredScripts.Script0010SSLAuthentication@22ef9844]" started-at="2023-11-09T12:09:35 IST" name="SSL_authentication" finished-at="2023-11-09T12:09:40 IST" duration-ms="4643" status="PASS">
          <reporter-output>
          </reporter-output>
        </test-method> <!-- SSL_authentication -->
      </class> <!-- restAssuredScripts.Script0010SSLAuthentication -->
    </test> <!-- Default test -->
  </suite> <!-- Default suite -->
</testng-results>
