<?xml version="1.0" encoding="UTF-8"?>
<testng-results ignored="0" total="0" passed="0" failed="0" skipped="0">
  <reporter-output>
  </reporter-output>
  <suite started-at="2023-10-17T23:00:52 IST" name="JUnitTestSuite" finished-at="2023-10-17T23:00:52 IST" duration-ms="53">
    <groups>
    </groups>
    <test started-at="2023-10-17T23:00:52 IST" name="JUnitTests" finished-at="2023-10-17T23:00:52 IST" duration-ms="53">
    </test> <!-- JUnitTests -->
  </suite> <!-- JUnitTestSuite -->
</testng-results>
